#
# There is insufficient memory for the Java Runtime Environment to continue.
# Native memory allocation (malloc) failed to allocate 292736 bytes for Chunk::new
# Possible reasons:
#   The system is out of physical RAM or swap space
#   The process is running with CompressedOops enabled, and the Java Heap may be blocking the growth of the native heap
# Possible solutions:
#   Reduce memory load on the system
#   Increase physical memory or swap space
#   Check if swap backing store is full
#   Decrease Java heap size (-Xmx/-Xms)
#   Decrease number of Java threads
#   Decrease Java thread stack sizes (-Xss)
#   Set larger code cache with -XX:ReservedCodeCacheSize=
#   JVM is running with Unscaled Compressed Oops mode in which the Java heap is
#     placed in the first 4GB address space. The Java Heap base address is the
#     maximum limit for the native heap growth. Please use -XX:HeapBaseMinAddress
#     to set the Java Heap base and to place the Java Heap above 4GB virtual address.
# This output file may be truncated or incomplete.
#
#  Out of Memory Error (allocation.cpp:389), pid=11348, tid=0x0000000000000968
#
# JRE version: OpenJDK Runtime Environment (8.0_275-b01) (build 1.8.0_275-b01)
# Java VM: OpenJDK 64-Bit Server VM (25.275-b01 mixed mode windows-amd64 compressed oops)
# Failed to write core dump. Minidumps are not enabled by default on client versions of Windows
#

---------------  T H R E A D  ---------------

Current thread (0x0000000012861800):  JavaThread "C2 CompilerThread1" daemon [_thread_in_native, id=2408, stack(0x0000000013fb0000,0x00000000140b0000)]

Stack: [0x0000000013fb0000,0x00000000140b0000]
[error occurred during error reporting (printing stack bounds), id 0xc0000005]

Native frames: (J=compiled Java code, j=interpreted, Vv=VM code, C=native code)


Current CompileTask:
C2:   2076  674   !   4       sun.misc.URLClassPath$JarLoader::getResource (85 bytes)


---------------  P R O C E S S  ---------------

Java Threads: ( => current thread )
  0x0000000014f8b800 JavaThread "pool-1-thread-1" [_thread_in_vm, id=3788, stack(0x0000000015f80000,0x0000000016080000)]
  0x00000000128a7000 JavaThread "Service Thread" daemon [_thread_blocked, id=10312, stack(0x00000000145b0000,0x00000000146b0000)]
  0x00000000140c0800 JavaThread "C1 CompilerThread2" daemon [_thread_blocked, id=7772, stack(0x00000000144b0000,0x00000000145b0000)]
=>0x0000000012861800 JavaThread "C2 CompilerThread1" daemon [_thread_in_native, id=2408, stack(0x0000000013fb0000,0x00000000140b0000)]
  0x0000000012865000 JavaThread "C2 CompilerThread0" daemon [_thread_in_native, id=3864, stack(0x0000000013eb0000,0x0000000013fb0000)]
  0x0000000012858800 JavaThread "Attach Listener" daemon [_thread_blocked, id=11956, stack(0x0000000013db0000,0x0000000013eb0000)]
  0x000000001283c800 JavaThread "Signal Dispatcher" daemon [_thread_blocked, id=4240, stack(0x0000000013cb0000,0x0000000013db0000)]
  0x00000000024ec800 JavaThread "Finalizer" daemon [_thread_blocked, id=5772, stack(0x0000000013ab0000,0x0000000013bb0000)]
  0x0000000012839000 JavaThread "Reference Handler" daemon [_thread_blocked, id=8516, stack(0x00000000139b0000,0x0000000013ab0000)]
  0x00000000023f3800 JavaThread "main" [_thread_in_vm, id=5864, stack(0x0000000002290000,0x0000000002390000)]

Other Threads:
  0x0000000012818000 VMThread [stack: 0x00000000138b0000,0x00000000139b0000] [id=12228]
  0x00000000140cb000 WatcherThread [stack: 0x00000000146b0000,0x00000000147b0000] [id=8664]

VM state:not at safepoint (normal execution)

VM Mutex/Monitor currently owned by a thread: None

heap address: 0x00000000fc000000, size: 64 MB, Compressed Oops mode: 32-bit
Narrow klass base: 0x0000000000000000, Narrow klass shift: 3
Compressed class space size: 1073741824 Address: 0x0000000100000000

Heap:
 PSYoungGen      total 18944K, used 15707K [0x00000000feb00000, 0x0000000100000000, 0x0000000100000000)
  eden space 16384K, 81% used [0x00000000feb00000,0x00000000ff7fd8a8,0x00000000ffb00000)
  from space 2560K, 93% used [0x00000000ffb00000,0x00000000ffd595d8,0x00000000ffd80000)
  to   space 2560K, 0% used [0x00000000ffd80000,0x00000000ffd80000,0x0000000100000000)
 ParOldGen       total 44032K, used 8K [0x00000000fc000000, 0x00000000feb00000, 0x00000000feb00000)
  object space 44032K, 0% used [0x00000000fc000000,0x00000000fc002000,0x00000000feb00000)
 Metaspace       used 8224K, capacity 8512K, committed 8704K, reserved 1056768K
  class space    used 1068K, capacity 1180K, committed 1280K, reserved 1048576K

Card table byte_map: [0x0000000000910000,0x0000000000940000] byte_map_base: 0x0000000000130000

Marking Bits: (ParMarkBitMap*) 0x00000000558b23c0
 Begin Bits: [0x0000000011cb0000, 0x0000000011db0000)
 End Bits:   [0x0000000011db0000, 0x0000000011eb0000)

Polling page: 0x00000000008e0000

CodeCache: size=245760Kb used=2975Kb max_used=2975Kb free=242784Kb
 bounds [0x00000000024f0000, 0x00000000027e0000, 0x00000000114f0000]
 total_blobs=1059 nmethods=737 adapters=235
 compilation: enabled

Compilation events (10 events):
Event: 1.965 Thread 0x00000000140c0800 nmethod 681 0x00000000027b6450 code [0x00000000027b65c0, 0x00000000027b67c8]
Event: 1.965 Thread 0x00000000140c0800  682  s!   3       java.util.jar.JarFile::ensureInitialization (41 bytes)
Event: 1.966 Thread 0x00000000140c0800 nmethod 682 0x00000000027b6890 code [0x00000000027b6a20, 0x00000000027b6ea8]
Event: 1.966 Thread 0x00000000140c0800  683       3       sun.misc.URLClassPath$JarLoader$2::getInputStream (15 bytes)
Event: 1.966 Thread 0x00000000140c0800 nmethod 683 0x00000000027b7010 code [0x00000000027b7180, 0x00000000027b73a8]
Event: 1.966 Thread 0x00000000140c0800  684       3       sun.misc.URLClassPath$JarLoader$2::getContentLength (9 bytes)
Event: 1.966 Thread 0x00000000140c0800 nmethod 684 0x00000000027b7490 code [0x00000000027b7600, 0x00000000027b7830]
Event: 1.966 Thread 0x00000000140c0800  685       3       sun.misc.URLClassPath$JarLoader$2::getCodeSigners (8 bytes)
Event: 1.966 Thread 0x00000000140c0800 nmethod 685 0x00000000027b7910 code [0x00000000027b7a80, 0x00000000027b7ca8]
Event: 1.969 Thread 0x0000000012865000 nmethod 676 0x00000000027baf50 code [0x00000000027bb100, 0x00000000027bb6d0]

GC Heap History (2 events):
Event: 1.568 GC heap before
{Heap before GC invocations=1 (full 0):
 PSYoungGen      total 18944K, used 16384K [0x00000000feb00000, 0x0000000100000000, 0x0000000100000000)
  eden space 16384K, 100% used [0x00000000feb00000,0x00000000ffb00000,0x00000000ffb00000)
  from space 2560K, 0% used [0x00000000ffd80000,0x00000000ffd80000,0x0000000100000000)
  to   space 2560K, 0% used [0x00000000ffb00000,0x00000000ffb00000,0x00000000ffd80000)
 ParOldGen       total 44032K, used 0K [0x00000000fc000000, 0x00000000feb00000, 0x00000000feb00000)
  object space 44032K, 0% used [0x00000000fc000000,0x00000000fc000000,0x00000000feb00000)
 Metaspace       used 6133K, capacity 6430K, committed 6528K, reserved 1056768K
  class space    used 743K, capacity 845K, committed 896K, reserved 1048576K
Event: 1.582 GC heap after
Heap after GC invocations=1 (full 0):
 PSYoungGen      total 18944K, used 2405K [0x00000000feb00000, 0x0000000100000000, 0x0000000100000000)
  eden space 16384K, 0% used [0x00000000feb00000,0x00000000feb00000,0x00000000ffb00000)
  from space 2560K, 93% used [0x00000000ffb00000,0x00000000ffd595d8,0x00000000ffd80000)
  to   space 2560K, 0% used [0x00000000ffd80000,0x00000000ffd80000,0x0000000100000000)
 ParOldGen       total 44032K, used 8K [0x00000000fc000000, 0x00000000feb00000, 0x00000000feb00000)
  object space 44032K, 0% used [0x00000000fc000000,0x00000000fc002000,0x00000000feb00000)
 Metaspace       used 6133K, capacity 6430K, committed 6528K, reserved 1056768K
  class space    used 743K, capacity 845K, committed 896K, reserved 1048576K
}

Deoptimization events (5 events):
Event: 1.728 Thread 0x00000000023f3800 Uncommon trap: reason=unstable_if action=reinterpret pc=0x00000000026de3c0 method=java.util.regex.Matcher.reset()Ljava/util/regex/Matcher; @ 47
Event: 1.728 Thread 0x00000000023f3800 Uncommon trap: reason=class_check action=maybe_recompile pc=0x00000000026ec6c4 method=java.util.regex.Matcher.match(II)Z @ 86
Event: 1.728 Thread 0x00000000023f3800 Uncommon trap: reason=class_check action=maybe_recompile pc=0x00000000026ec6c4 method=java.util.regex.Matcher.match(II)Z @ 86
Event: 1.729 Thread 0x00000000023f3800 Uncommon trap: reason=class_check action=maybe_recompile pc=0x00000000026ec6c4 method=java.util.regex.Matcher.match(II)Z @ 86
Event: 1.729 Thread 0x00000000023f3800 Uncommon trap: reason=class_check action=maybe_recompile pc=0x00000000026ec6c4 method=java.util.regex.Matcher.match(II)Z @ 86

Classes redefined (0 events):
No events

Internal exceptions (10 events):
Event: 1.075 Thread 0x00000000023f3800 Exception <a 'java/security/PrivilegedActionException'> (0x00000000ff4e8ff0) thrown at [C:\cygwin64\tmp\build\source\java-1.8.0-openjdk\tmp\jdk8u\hotspot\src\share\vm\prims\jvm.cpp, line 1523]
Event: 1.075 Thread 0x00000000023f3800 Exception <a 'java/security/PrivilegedActionException'> (0x00000000ff4e9200) thrown at [C:\cygwin64\tmp\build\source\java-1.8.0-openjdk\tmp\jdk8u\hotspot\src\share\vm\prims\jvm.cpp, line 1523]
Event: 1.077 Thread 0x00000000023f3800 Exception <a 'java/security/PrivilegedActionException'> (0x00000000ff4ed6f0) thrown at [C:\cygwin64\tmp\build\source\java-1.8.0-openjdk\tmp\jdk8u\hotspot\src\share\vm\prims\jvm.cpp, line 1523]
Event: 1.077 Thread 0x00000000023f3800 Exception <a 'java/security/PrivilegedActionException'> (0x00000000ff4ed900) thrown at [C:\cygwin64\tmp\build\source\java-1.8.0-openjdk\tmp\jdk8u\hotspot\src\share\vm\prims\jvm.cpp, line 1523]
Event: 1.519 Thread 0x00000000023f3800 Exception <a 'java/lang/ArrayIndexOutOfBoundsException': 100> (0x00000000ffa1ed10) thrown at [C:\cygwin64\tmp\build\source\java-1.8.0-openjdk\tmp\jdk8u\hotspot\src\share\vm\interpreter\interpreterRuntime.cpp, line 368]
Event: 1.520 Thread 0x00000000023f3800 Exception <a 'java/lang/ArrayIndexOutOfBoundsException': 18> (0x00000000ffa1fbf8) thrown at [C:\cygwin64\tmp\build\source\java-1.8.0-openjdk\tmp\jdk8u\hotspot\src\share\vm\interpreter\interpreterRuntime.cpp, line 368]
Event: 1.521 Thread 0x00000000023f3800 Exception <a 'java/lang/ArrayIndexOutOfBoundsException': 40> (0x00000000ffa20828) thrown at [C:\cygwin64\tmp\build\source\java-1.8.0-openjdk\tmp\jdk8u\hotspot\src\share\vm\interpreter\interpreterRuntime.cpp, line 368]
Event: 1.749 Thread 0x00000000023f3800 Exception <a 'java/lang/ArrayIndexOutOfBoundsException'> (0x00000000feeae200) thrown at [C:\cygwin64\tmp\build\source\java-1.8.0-openjdk\tmp\jdk8u\hotspot\src\share\vm\runtime\sharedRuntime.cpp, line 605]
Event: 1.749 Thread 0x00000000023f3800 Exception <a 'java/lang/ArrayIndexOutOfBoundsException'> (0x00000000feeaf0f0) thrown at [C:\cygwin64\tmp\build\source\java-1.8.0-openjdk\tmp\jdk8u\hotspot\src\share\vm\runtime\sharedRuntime.cpp, line 605]
Event: 1.961 Thread 0x00000000023f3800 Exception <a 'java/lang/NoClassDefFoundError': org/slf4j/impl/StaticMarkerBinder> (0x00000000ff415cf0) thrown at [C:\cygwin64\tmp\build\source\java-1.8.0-openjdk\tmp\jdk8u\hotspot\src\share\vm\classfile\systemDictionary.cpp, line 206]

Events (10 events):
Event: 1.960 loading class org/slf4j/IMarkerFactory
Event: 1.960 loading class org/slf4j/IMarkerFactory done
Event: 1.960 loading class org/slf4j/impl/StaticMarkerBinder
Event: 1.960 loading class org/slf4j/impl/StaticMarkerBinder done
Event: 1.961 loading class org/slf4j/helpers/BasicMarkerFactory
Event: 1.961 loading class org/slf4j/helpers/BasicMarkerFactory done
Event: 1.961 loading class org/slf4j/Marker
Event: 1.961 loading class org/slf4j/Marker done
Event: 1.962 loading class org/slf4j/helpers/BasicMarker
Event: 1.962 loading class org/slf4j/helpers/BasicMarker done


Dynamic libraries:
0x00007ff67b5d0000 - 0x00007ff67b605000 	C:\Program Files\OpenJDK\openjdk-8u275-b01\bin\java.exe
0x00007ff864c20000 - 0x00007ff864e10000 	C:\Windows\SYSTEM32\ntdll.dll
0x00007ff8632a0000 - 0x00007ff863352000 	C:\Windows\System32\KERNEL32.DLL
0x00007ff862440000 - 0x00007ff8626e5000 	C:\Windows\System32\KERNELBASE.dll
0x00007ff863d50000 - 0x00007ff863df3000 	C:\Windows\System32\ADVAPI32.dll
0x00007ff864a60000 - 0x00007ff864afe000 	C:\Windows\System32\msvcrt.dll
0x00007ff863f10000 - 0x00007ff863fa7000 	C:\Windows\System32\sechost.dll
0x00007ff8641e0000 - 0x00007ff8642ff000 	C:\Windows\System32\RPCRT4.dll
0x00007ff863bb0000 - 0x00007ff863d44000 	C:\Windows\System32\USER32.dll
0x00007ff862890000 - 0x00007ff8628b1000 	C:\Windows\System32\win32u.dll
0x00007ff8646c0000 - 0x00007ff8646e6000 	C:\Windows\System32\GDI32.dll
0x00007ff8628c0000 - 0x00007ff862a58000 	C:\Windows\System32\gdi32full.dll
0x00007ff8623a0000 - 0x00007ff86243e000 	C:\Windows\System32\msvcp_win.dll
0x00007ff862b40000 - 0x00007ff862c3a000 	C:\Windows\System32\ucrtbase.dll
0x00007ff854750000 - 0x00007ff8549d4000 	C:\Windows\WinSxS\amd64_microsoft.windows.common-controls_6595b64144ccf1df_6.0.18362.1316_none_9e7a364fe461dbd7\COMCTL32.dll
0x00007ff864380000 - 0x00007ff8646b7000 	C:\Windows\System32\combase.dll
0x00007ff862c40000 - 0x00007ff862cc1000 	C:\Windows\System32\bcryptPrimitives.dll
0x00007ff864b00000 - 0x00007ff864b2e000 	C:\Windows\System32\IMM32.DLL
0x0000000055940000 - 0x0000000055a12000 	C:\Program Files\OpenJDK\openjdk-8u275-b01\jre\bin\msvcr100.dll
0x00000000550a0000 - 0x0000000055934000 	C:\Program Files\OpenJDK\openjdk-8u275-b01\jre\bin\server\jvm.dll
0x00007ff864980000 - 0x00007ff864988000 	C:\Windows\System32\PSAPI.DLL
0x00007ff8538a0000 - 0x00007ff8538a9000 	C:\Windows\SYSTEM32\WSOCK32.dll
0x00007ff863a70000 - 0x00007ff863adf000 	C:\Windows\System32\WS2_32.dll
0x00007ff85e760000 - 0x00007ff85e784000 	C:\Windows\SYSTEM32\WINMM.dll
0x00007ff856230000 - 0x00007ff85623a000 	C:\Windows\SYSTEM32\VERSION.dll
0x00007ff85e730000 - 0x00007ff85e75d000 	C:\Windows\SYSTEM32\WINMMBASE.dll
0x00007ff8626f0000 - 0x00007ff86273a000 	C:\Windows\System32\cfgmgr32.dll
0x00007ff85d200000 - 0x00007ff85d20f000 	C:\Program Files\OpenJDK\openjdk-8u275-b01\jre\bin\verify.dll
0x00007ff85d1d0000 - 0x00007ff85d1f9000 	C:\Program Files\OpenJDK\openjdk-8u275-b01\jre\bin\java.dll
0x00007ff85d160000 - 0x00007ff85d176000 	C:\Program Files\OpenJDK\openjdk-8u275-b01\jre\bin\zip.dll
0x00007ff863380000 - 0x00007ff863a68000 	C:\Windows\System32\SHELL32.dll
0x00007ff863e00000 - 0x00007ff863ea7000 	C:\Windows\System32\shcore.dll
0x00007ff861c20000 - 0x00007ff86239b000 	C:\Windows\System32\windows.storage.dll
0x00007ff861b70000 - 0x00007ff861b93000 	C:\Windows\System32\profapi.dll
0x00007ff861ae0000 - 0x00007ff861b2a000 	C:\Windows\System32\powrprof.dll
0x00007ff861ad0000 - 0x00007ff861ae0000 	C:\Windows\System32\UMPDC.dll
0x00007ff864840000 - 0x00007ff864892000 	C:\Windows\System32\shlwapi.dll
0x00007ff861b30000 - 0x00007ff861b41000 	C:\Windows\System32\kernel.appcore.dll
0x00007ff861ba0000 - 0x00007ff861bb7000 	C:\Windows\System32\cryptsp.dll
0x00007ff85c310000 - 0x00007ff85c32b000 	C:\Program Files\OpenJDK\openjdk-8u275-b01\jre\bin\net.dll
0x00007ff861310000 - 0x00007ff861377000 	C:\Windows\system32\mswsock.dll
0x00007ff85c270000 - 0x00007ff85c282000 	C:\Program Files\OpenJDK\openjdk-8u275-b01\jre\bin\nio.dll
0x00007ff852d50000 - 0x00007ff852d7a000 	C:\Users\DELL\.gradle\native\36\windows-amd64\native-platform.dll
0x00007ff854350000 - 0x00007ff85435a000 	C:\Users\DELL\.gradle\native\jansi\1.18\windows64\jansi.dll

VM Arguments:
jvm_args: -Xmx64m -Xms64m -Dorg.gradle.appname=gradlew 
java_command: org.gradle.wrapper.GradleWrapperMain app:installDebug -PreactNativeDevServerPort=8081
java_class_path (initial): E:\saylani React\React Native Projects\Blood_App\android\\gradle\wrapper\gradle-wrapper.jar
Launcher Type: SUN_STANDARD

Environment Variables:
JAVA_HOME=C:\Program Files\OpenJDK\openjdk-8u275-b01
CLASSPATH=E:\saylani React\React Native Projects\Blood_App\android\\gradle\wrapper\gradle-wrapper.jar
USERNAME=DELL
OS=Windows_NT
PROCESSOR_IDENTIFIER=Intel64 Family 6 Model 69 Stepping 1, GenuineIntel



---------------  S Y S T E M  ---------------

OS: Windows 10.0 , 64 bit Build 18362 (10.0.18362.1316)

CPU:total 4 (initial active 4) (2 cores per cpu, 2 threads per core) family 6 model 69 stepping 1, cmov, cx8, fxsr, mmx, sse, sse2, sse3, ssse3, sse4.1, sse4.2, popcnt, avx, avx2, aes, clmul, erms, lzcnt, ht, tsc, tscinvbit, bmi1, bmi2

Memory: 4k page, physical 8291924k(1110140k free), swap 11363924k(336k free)

vm_info: OpenJDK 64-Bit Server VM (25.275-b01) for windows-amd64 JRE (1.8.0_275-b01), built on Nov  6 2020 13:43:37 by "build" with MS VC++ 10.0 (VS2010)

time: Tue Jan 26 14:03:10 2021
timezone: Pakistan Standard Time
elapsed time: 2.169185 seconds (0d 0h 0m 2s)

