#
# There is insufficient memory for the Java Runtime Environment to continue.
# Native memory allocation (malloc) failed to allocate 489136 bytes for Chunk::new
# Possible reasons:
#   The system is out of physical RAM or swap space
#   The process is running with CompressedOops enabled, and the Java Heap may be blocking the growth of the native heap
# Possible solutions:
#   Reduce memory load on the system
#   Increase physical memory or swap space
#   Check if swap backing store is full
#   Decrease Java heap size (-Xmx/-Xms)
#   Decrease number of Java threads
#   Decrease Java thread stack sizes (-Xss)
#   Set larger code cache with -XX:ReservedCodeCacheSize=
#   JVM is running with Unscaled Compressed Oops mode in which the Java heap is
#     placed in the first 4GB address space. The Java Heap base address is the
#     maximum limit for the native heap growth. Please use -XX:HeapBaseMinAddress
#     to set the Java Heap base and to place the Java Heap above 4GB virtual address.
# This output file may be truncated or incomplete.
#
#  Out of Memory Error (allocation.cpp:389), pid=13196, tid=0x0000000000003288
#
# JRE version: OpenJDK Runtime Environment (8.0_275-b01) (build 1.8.0_275-b01)
# Java VM: OpenJDK 64-Bit Server VM (25.275-b01 mixed mode windows-amd64 compressed oops)
# Failed to write core dump. Minidumps are not enabled by default on client versions of Windows
#

---------------  T H R E A D  ---------------

Current thread (0x0000000013fcf000):  JavaThread "C2 CompilerThread0" daemon [_thread_in_native, id=12936, stack(0x0000000015620000,0x0000000015720000)]

Stack: [0x0000000015620000,0x0000000015720000]
[error occurred during error reporting (printing stack bounds), id 0xc0000005]

Native frames: (J=compiled Java code, j=interpreted, Vv=VM code, C=native code)


Current CompileTask:
C2:3251951 14254       4       org.gradle.api.internal.artifacts.transform.ConsumerProvidedVariantFinder::findProducersFor (352 bytes)


---------------  P R O C E S S  ---------------

Java Threads: ( => current thread )
  0x000000001c19f800 JavaThread "Cache worker for file content cache (E:\saylani React\React Native Projects\Blood_App\android\.gradle\6.2\fileContent)" [_thread_blocked, id=13880, stack(0x0000000023810000,0x0000000023910000)]
  0x000000001c1a2000 JavaThread "Cache worker for Build Output Cleanup Cache (E:\saylani React\React Native Projects\Blood_App\android\.gradle\buildOutputCleanup)" [_thread_blocked, id=10736, stack(0x0000000023310000,0x0000000023410000)]
  0x000000001c1a0800 JavaThread "Build operations Thread 4" [_thread_blocked, id=3312, stack(0x0000000023210000,0x0000000023310000)]
  0x000000001c1a5000 JavaThread "Build operations Thread 3" [_thread_blocked, id=10572, stack(0x0000000023110000,0x0000000023210000)]
  0x000000001a2d6800 JavaThread "Build operations Thread 2" [_thread_blocked, id=964, stack(0x0000000023010000,0x0000000023110000)]
  0x000000001a2d7800 JavaThread "Build operations" [_thread_blocked, id=9692, stack(0x0000000022c10000,0x0000000022d10000)]
  0x000000001a2d5000 JavaThread "Cache worker for cache directory md-rule (C:\Users\DELL\.gradle\caches\6.2\md-rule)" [_thread_blocked, id=4036, stack(0x0000000022010000,0x0000000022110000)]
  0x000000001a2d4800 JavaThread "Cache worker for cache directory md-supplier (C:\Users\DELL\.gradle\caches\6.2\md-supplier)" [_thread_blocked, id=14128, stack(0x00000000214e0000,0x00000000215e0000)]
  0x000000001a2d3800 JavaThread "Cache worker for file hash cache (E:\saylani React\React Native Projects\Blood_App\android\.gradle\6.2\fileHashes)" [_thread_blocked, id=7900, stack(0x000000001e1d0000,0x000000001e2d0000)]
  0x000000001a2cb000 JavaThread "Cache worker for checksums cache (E:\saylani React\React Native Projects\Blood_App\android\.gradle\checksums)" [_thread_blocked, id=14140, stack(0x000000001dad0000,0x000000001dbd0000)]
  0x000000001a2ca000 JavaThread "Thread-86" [_thread_blocked, id=5264, stack(0x000000001d330000,0x000000001d430000)]
  0x000000001a2d1000 JavaThread "Stdin handler" [_thread_blocked, id=10300, stack(0x000000001b560000,0x000000001b660000)]
  0x000000001a2cc800 JavaThread "Asynchronous log dispatcher for DefaultDaemonConnection: socket connection from /127.0.0.1:7865 to /127.0.0.1:9358" [_thread_blocked, id=12140, stack(0x0000000019590000,0x0000000019690000)]
  0x000000001a2c9800 JavaThread "Daemon worker Thread 3" [_thread_in_Java, id=13332, stack(0x0000000019490000,0x0000000019590000)]
  0x000000001a2cb800 JavaThread "Cancel handler" [_thread_blocked, id=13816, stack(0x0000000019190000,0x0000000019290000)]
  0x000000001a2cf000 JavaThread "Handler for socket connection from /127.0.0.1:7865 to /127.0.0.1:9358" [_thread_in_native, id=11016, stack(0x0000000019090000,0x0000000019190000)]
  0x000000001a2d0800 JavaThread "Daemon Thread 3" [_thread_blocked, id=8096, stack(0x0000000000f90000,0x0000000001090000)]
  0x000000001c1a3000 JavaThread "AWT-Windows" daemon [_thread_in_native, id=5684, stack(0x000000001b860000,0x000000001b960000)]
  0x000000001c1a1000 JavaThread "Java2D Disposer" daemon [_thread_blocked, id=10328, stack(0x0000000019890000,0x0000000019990000)]
  0x000000001c1a3800 JavaThread "Device List Monitor" [_thread_in_native, id=2576, stack(0x0000000022f10000,0x0000000023010000)]
  0x000000001c19f000 JavaThread "Monitor" [_thread_in_native, id=5336, stack(0x0000000022e10000,0x0000000022f10000)]
  0x000000001a2d8000 JavaThread "Device List Monitor" [_thread_in_native, id=13032, stack(0x0000000021f10000,0x0000000022010000)]
  0x000000001a2d2000 JavaThread "Monitor" [_thread_in_native, id=4668, stack(0x0000000021e10000,0x0000000021f10000)]
  0x000000001a2cd000 JavaThread "Cache worker for file content cache (C:\Users\DELL\.gradle\caches\6.2\fileContent)" [_thread_blocked, id=5728, stack(0x00000000213e0000,0x00000000214e0000)]
  0x000000001a2ce000 JavaThread "Memory manager" [_thread_blocked, id=9468, stack(0x0000000020ce0000,0x0000000020de0000)]
  0x0000000016e72000 JavaThread "Cache worker for execution history cache (C:\Users\DELL\.gradle\caches\6.2\executionHistory)" [_thread_blocked, id=10436, stack(0x000000001b960000,0x000000001ba60000)]
  0x0000000016e73800 JavaThread "Cache worker for file hash cache (C:\Users\DELL\.gradle\caches\6.2\fileHashes)" [_thread_blocked, id=6536, stack(0x0000000019d90000,0x0000000019e90000)]
  0x0000000016e74000 JavaThread "File lock request listener" [_thread_in_native, id=6200, stack(0x0000000019c90000,0x0000000019d90000)]
  0x0000000016e72800 JavaThread "Cache worker for journal cache (C:\Users\DELL\.gradle\caches\journal-1)" [_thread_blocked, id=10612, stack(0x0000000019b90000,0x0000000019c90000)]
  0x0000000017b42000 JavaThread "Daemon periodic checks" [_thread_blocked, id=6464, stack(0x0000000018f90000,0x0000000019090000)]
  0x0000000017abd800 JavaThread "Incoming local TCP Connector on port 7865" [_thread_in_native, id=13424, stack(0x0000000016020000,0x0000000016120000)]
  0x0000000017950800 JavaThread "Daemon health stats" [_thread_blocked, id=1088, stack(0x0000000015f20000,0x0000000016020000)]
  0x000000001401e800 JavaThread "Service Thread" daemon [_thread_blocked, id=5416, stack(0x0000000015d20000,0x0000000015e20000)]
  0x0000000013fd8000 JavaThread "C1 CompilerThread2" daemon [_thread_blocked, id=664, stack(0x0000000015820000,0x0000000015920000)]
  0x0000000013fd1800 JavaThread "C2 CompilerThread1" daemon [_thread_in_native, id=240, stack(0x0000000015720000,0x0000000015820000)]
=>0x0000000013fcf000 JavaThread "C2 CompilerThread0" daemon [_thread_in_native, id=12936, stack(0x0000000015620000,0x0000000015720000)]
  0x0000000013fc8000 JavaThread "Attach Listener" daemon [_thread_blocked, id=9008, stack(0x0000000015520000,0x0000000015620000)]
  0x0000000013fc7000 JavaThread "Signal Dispatcher" daemon [_thread_blocked, id=9400, stack(0x0000000015420000,0x0000000015520000)]
  0x0000000002a7c800 JavaThread "Finalizer" daemon [_thread_blocked, id=7652, stack(0x0000000015220000,0x0000000015320000)]
  0x0000000013fa9800 JavaThread "Reference Handler" daemon [_thread_blocked, id=13728, stack(0x0000000015120000,0x0000000015220000)]
  0x0000000002983800 JavaThread "main" [_thread_blocked, id=1592, stack(0x0000000001090000,0x0000000001190000)]

Other Threads:
  0x0000000013f88000 VMThread [stack: 0x0000000015020000,0x0000000015120000] [id=6412]
  0x0000000013fff000 WatcherThread [stack: 0x0000000015e20000,0x0000000015f20000] [id=12688]

VM state:not at safepoint (normal execution)

VM Mutex/Monitor currently owned by a thread: None

heap address: 0x00000000e0000000, size: 512 MB, Compressed Oops mode: 32-bit
Narrow klass base: 0x0000000000000000, Narrow klass shift: 3
Compressed class space size: 1073741824 Address: 0x0000000100000000

Heap:
 PSYoungGen      total 110080K, used 88529K [0x00000000f5580000, 0x00000000ff700000, 0x0000000100000000)
  eden space 109056K, 81% used [0x00000000f5580000,0x00000000fabf44c8,0x00000000fc000000)
  from space 1024K, 0% used [0x00000000fc300000,0x00000000fc300000,0x00000000fc400000)
  to   space 28160K, 0% used [0x00000000fdb80000,0x00000000fdb80000,0x00000000ff700000)
 ParOldGen       total 175104K, used 58699K [0x00000000e0000000, 0x00000000eab00000, 0x00000000f5580000)
  object space 175104K, 33% used [0x00000000e0000000,0x00000000e3952e10,0x00000000eab00000)
 Metaspace       used 96984K, capacity 102479K, committed 103168K, reserved 1138688K
  class space    used 12967K, capacity 14118K, committed 14336K, reserved 1048576K

Card table byte_map: [0x0000000002b60000,0x0000000002c70000] byte_map_base: 0x0000000002460000

Marking Bits: (ParMarkBitMap*) 0x00000000558b23c0
 Begin Bits: [0x0000000012520000, 0x0000000012d20000)
 End Bits:   [0x0000000012d20000, 0x0000000013520000)

Polling page: 0x0000000000b40000

CodeCache: size=245760Kb used=40087Kb max_used=40087Kb free=205672Kb
 bounds [0x0000000002d60000, 0x00000000054c0000, 0x0000000011d60000]
 total_blobs=12885 nmethods=11974 adapters=821
 compilation: enabled

Compilation events (10 events):
Event: 3251.833 Thread 0x0000000013fd8000 nmethod 14289 0x00000000054a6410 code [0x00000000054a6560, 0x00000000054a6690]
Event: 3251.833 Thread 0x0000000013fd8000 14290       3       java.net.URI::access$3200 (4 bytes)
Event: 3251.833 Thread 0x0000000013fd8000 nmethod 14290 0x00000000054a7c50 code [0x00000000054a7da0, 0x00000000054a7ed0]
Event: 3251.834 Thread 0x0000000013fd1800 nmethod 14292 0x00000000054aac50 code [0x00000000054aada0, 0x00000000054aaeb8]
Event: 3251.834 Thread 0x0000000013fd1800 14293       4       org.gradle.internal.typeconversion.NotationParserBuilder::create (106 bytes)
Event: 3251.835 Thread 0x0000000013fd8000 14294       3       org.gradle.api.internal.artifacts.ivyservice.modulecache.dynamicversions.ModuleAtRepositoryKey::hashCode (16 bytes)
Event: 3251.835 Thread 0x0000000013fd8000 nmethod 14294 0x00000000054aa710 code [0x00000000054aa880, 0x00000000054aab58]
Event: 3251.835 Thread 0x0000000013fd8000 14295   !   3       org.gradle.internal.action.InstantiatingAction::execute (154 bytes)
Event: 3251.836 Thread 0x0000000013fd8000 nmethod 14295 0x00000000054a8910 code [0x00000000054a8b80, 0x00000000054a9d88]
Event: 3251.847 Thread 0x0000000013fd1800 nmethod 14293 0x00000000054ae250 code [0x00000000054ae3e0, 0x00000000054aead8]

GC Heap History (10 events):
Event: 277.686 GC heap before
{Heap before GC invocations=27 (full 3):
 PSYoungGen      total 141312K, used 126714K [0x00000000f5580000, 0x00000000ffd80000, 0x0000000100000000)
  eden space 112128K, 100% used [0x00000000f5580000,0x00000000fc300000,0x00000000fc300000)
  from space 29184K, 49% used [0x00000000fc300000,0x00000000fd13e920,0x00000000fdf80000)
  to   space 28160K, 0% used [0x00000000fe200000,0x00000000fe200000,0x00000000ffd80000)
 ParOldGen       total 175104K, used 84547K [0x00000000e0000000, 0x00000000eab00000, 0x00000000f5580000)
  object space 175104K, 48% used [0x00000000e0000000,0x00000000e5290c90,0x00000000eab00000)
 Metaspace       used 90411K, capacity 95680K, committed 95744K, reserved 1132544K
  class space    used 12134K, capacity 13253K, committed 13312K, reserved 1048576K
Event: 277.709 GC heap after
Heap after GC invocations=27 (full 3):
 PSYoungGen      total 143360K, used 2624K [0x00000000f5580000, 0x0000000100000000, 0x0000000100000000)
  eden space 115200K, 0% used [0x00000000f5580000,0x00000000f5580000,0x00000000fc600000)
  from space 28160K, 9% used [0x00000000fe200000,0x00000000fe490000,0x00000000ffd80000)
  to   space 28672K, 0% used [0x00000000fc600000,0x00000000fc600000,0x00000000fe200000)
 ParOldGen       total 175104K, used 94337K [0x00000000e0000000, 0x00000000eab00000, 0x00000000f5580000)
  object space 175104K, 53% used [0x00000000e0000000,0x00000000e5c204d8,0x00000000eab00000)
 Metaspace       used 90411K, capacity 95680K, committed 95744K, reserved 1132544K
  class space    used 12134K, capacity 13253K, committed 13312K, reserved 1048576K
}
Event: 3050.022 GC heap before
{Heap before GC invocations=28 (full 3):
 PSYoungGen      total 143360K, used 117824K [0x00000000f5580000, 0x0000000100000000, 0x0000000100000000)
  eden space 115200K, 100% used [0x00000000f5580000,0x00000000fc600000,0x00000000fc600000)
  from space 28160K, 9% used [0x00000000fe200000,0x00000000fe490000,0x00000000ffd80000)
  to   space 28672K, 0% used [0x00000000fc600000,0x00000000fc600000,0x00000000fe200000)
 ParOldGen       total 175104K, used 94337K [0x00000000e0000000, 0x00000000eab00000, 0x00000000f5580000)
  object space 175104K, 53% used [0x00000000e0000000,0x00000000e5c204d8,0x00000000eab00000)
 Metaspace       used 90821K, capacity 96096K, committed 96256K, reserved 1132544K
  class space    used 12157K, capacity 13261K, committed 13312K, reserved 1048576K
Event: 3050.125 GC heap after
Heap after GC invocations=28 (full 3):
 PSYoungGen      total 143872K, used 576K [0x00000000f5580000, 0x0000000100000000, 0x0000000100000000)
  eden space 115200K, 0% used [0x00000000f5580000,0x00000000f5580000,0x00000000fc600000)
  from space 28672K, 2% used [0x00000000fc600000,0x00000000fc690000,0x00000000fe200000)
  to   space 29184K, 0% used [0x00000000fe380000,0x00000000fe380000,0x0000000100000000)
 ParOldGen       total 175104K, used 95628K [0x00000000e0000000, 0x00000000eab00000, 0x00000000f5580000)
  object space 175104K, 54% used [0x00000000e0000000,0x00000000e5d63038,0x00000000eab00000)
 Metaspace       used 90821K, capacity 96096K, committed 96256K, reserved 1132544K
  class space    used 12157K, capacity 13261K, committed 13312K, reserved 1048576K
}
Event: 3235.885 GC heap before
{Heap before GC invocations=29 (full 3):
 PSYoungGen      total 143872K, used 115776K [0x00000000f5580000, 0x0000000100000000, 0x0000000100000000)
  eden space 115200K, 100% used [0x00000000f5580000,0x00000000fc600000,0x00000000fc600000)
  from space 28672K, 2% used [0x00000000fc600000,0x00000000fc690000,0x00000000fe200000)
  to   space 29184K, 0% used [0x00000000fe380000,0x00000000fe380000,0x0000000100000000)
 ParOldGen       total 175104K, used 95628K [0x00000000e0000000, 0x00000000eab00000, 0x00000000f5580000)
  object space 175104K, 54% used [0x00000000e0000000,0x00000000e5d63038,0x00000000eab00000)
 Metaspace       used 92642K, capacity 98420K, committed 98600K, reserved 1134592K
  class space    used 12422K, capacity 13631K, committed 13696K, reserved 1048576K
Event: 3235.952 GC heap after
Heap after GC invocations=29 (full 3):
 PSYoungGen      total 134144K, used 12303K [0x00000000f5580000, 0x00000000ff900000, 0x0000000100000000)
  eden space 112128K, 0% used [0x00000000f5580000,0x00000000f5580000,0x00000000fc300000)
  from space 22016K, 55% used [0x00000000fe380000,0x00000000fef83d10,0x00000000ff900000)
  to   space 27648K, 0% used [0x00000000fc300000,0x00000000fc300000,0x00000000fde00000)
 ParOldGen       total 175104K, used 95900K [0x00000000e0000000, 0x00000000eab00000, 0x00000000f5580000)
  object space 175104K, 54% used [0x00000000e0000000,0x00000000e5da7038,0x00000000eab00000)
 Metaspace       used 92642K, capacity 98420K, committed 98600K, reserved 1134592K
  class space    used 12422K, capacity 13631K, committed 13696K, reserved 1048576K
}
Event: 3237.584 GC heap before
{Heap before GC invocations=30 (full 3):
 PSYoungGen      total 134144K, used 16958K [0x00000000f5580000, 0x00000000ff900000, 0x0000000100000000)
  eden space 112128K, 4% used [0x00000000f5580000,0x00000000f5a0bd88,0x00000000fc300000)
  from space 22016K, 55% used [0x00000000fe380000,0x00000000fef83d10,0x00000000ff900000)
  to   space 27648K, 0% used [0x00000000fc300000,0x00000000fc300000,0x00000000fde00000)
 ParOldGen       total 175104K, used 95900K [0x00000000e0000000, 0x00000000eab00000, 0x00000000f5580000)
  object space 175104K, 54% used [0x00000000e0000000,0x00000000e5da7038,0x00000000eab00000)
 Metaspace       used 92717K, capacity 98561K, committed 98600K, reserved 1134592K
  class space    used 12437K, capacity 13657K, committed 13696K, reserved 1048576K
Event: 3237.601 GC heap after
Heap after GC invocations=30 (full 3):
 PSYoungGen      total 110080K, used 544K [0x00000000f5580000, 0x00000000ff700000, 0x0000000100000000)
  eden space 109056K, 0% used [0x00000000f5580000,0x00000000f5580000,0x00000000fc000000)
  from space 1024K, 53% used [0x00000000fc300000,0x00000000fc388000,0x00000000fc400000)
  to   space 28160K, 0% used [0x00000000fdb80000,0x00000000fdb80000,0x00000000ff700000)
 ParOldGen       total 175104K, used 107012K [0x00000000e0000000, 0x00000000eab00000, 0x00000000f5580000)
  object space 175104K, 61% used [0x00000000e0000000,0x00000000e68811e8,0x00000000eab00000)
 Metaspace       used 92717K, capacity 98561K, committed 98600K, reserved 1134592K
  class space    used 12437K, capacity 13657K, committed 13696K, reserved 1048576K
}
Event: 3237.601 GC heap before
{Heap before GC invocations=31 (full 4):
 PSYoungGen      total 110080K, used 544K [0x00000000f5580000, 0x00000000ff700000, 0x0000000100000000)
  eden space 109056K, 0% used [0x00000000f5580000,0x00000000f5580000,0x00000000fc000000)
  from space 1024K, 53% used [0x00000000fc300000,0x00000000fc388000,0x00000000fc400000)
  to   space 28160K, 0% used [0x00000000fdb80000,0x00000000fdb80000,0x00000000ff700000)
 ParOldGen       total 175104K, used 107012K [0x00000000e0000000, 0x00000000eab00000, 0x00000000f5580000)
  object space 175104K, 61% used [0x00000000e0000000,0x00000000e68811e8,0x00000000eab00000)
 Metaspace       used 92717K, capacity 98561K, committed 98600K, reserved 1134592K
  class space    used 12437K, capacity 13657K, committed 13696K, reserved 1048576K
Event: 3238.210 GC heap after
Heap after GC invocations=31 (full 4):
 PSYoungGen      total 110080K, used 0K [0x00000000f5580000, 0x00000000ff700000, 0x0000000100000000)
  eden space 109056K, 0% used [0x00000000f5580000,0x00000000f5580000,0x00000000fc000000)
  from space 1024K, 0% used [0x00000000fc300000,0x00000000fc300000,0x00000000fc400000)
  to   space 28160K, 0% used [0x00000000fdb80000,0x00000000fdb80000,0x00000000ff700000)
 ParOldGen       total 175104K, used 58699K [0x00000000e0000000, 0x00000000eab00000, 0x00000000f5580000)
  object space 175104K, 33% used [0x00000000e0000000,0x00000000e3952e10,0x00000000eab00000)
 Metaspace       used 92275K, capacity 97609K, committed 98600K, reserved 1134592K
  class space    used 12337K, capacity 13436K, committed 13696K, reserved 1048576K
}

Deoptimization events (10 events):
Event: 3243.999 Thread 0x000000001a2c9800 Uncommon trap: reason=bimorphic action=maybe_recompile pc=0x00000000033e89a4 method=java.util.Collections$UnmodifiableCollection.contains(Ljava/lang/Object;)Z @ 5
Event: 3246.599 Thread 0x000000001a2c9800 Uncommon trap: reason=unstable_if action=reinterpret pc=0x0000000004670114 method=java.nio.Buffer.<init>(IIII)V @ 66
Event: 3248.782 Thread 0x000000001a2c9800 Uncommon trap: reason=unstable_if action=reinterpret pc=0x0000000003b0a488 method=java.util.ArrayList.toArray([Ljava/lang/Object;)[Ljava/lang/Object; @ 48
Event: 3249.010 Thread 0x000000001a2c9800 Uncommon trap: reason=class_check action=maybe_recompile pc=0x0000000005452a5c method=sun.security.util.math.intpoly.IntegerPolynomial$MutableElement.setSum(Lsun/security/util/math/IntegerModuloP;)Lsun/security/util/math/intpoly/IntegerPolynomial$MutableE
Event: 3249.010 Thread 0x000000001a2c9800 Uncommon trap: reason=class_check action=maybe_recompile pc=0x0000000005452a5c method=sun.security.util.math.intpoly.IntegerPolynomial$MutableElement.setSum(Lsun/security/util/math/IntegerModuloP;)Lsun/security/util/math/intpoly/IntegerPolynomial$MutableE
Event: 3249.010 Thread 0x000000001a2c9800 Uncommon trap: reason=class_check action=maybe_recompile pc=0x0000000005452a5c method=sun.security.util.math.intpoly.IntegerPolynomial$MutableElement.setSum(Lsun/security/util/math/IntegerModuloP;)Lsun/security/util/math/intpoly/IntegerPolynomial$MutableE
Event: 3249.010 Thread 0x000000001a2c9800 Uncommon trap: reason=class_check action=maybe_recompile pc=0x0000000005452a5c method=sun.security.util.math.intpoly.IntegerPolynomial$MutableElement.setSum(Lsun/security/util/math/IntegerModuloP;)Lsun/security/util/math/intpoly/IntegerPolynomial$MutableE
Event: 3249.265 Thread 0x000000001a2c9800 Uncommon trap: reason=unstable_if action=reinterpret pc=0x0000000004e8549c method=java.util.Arrays.equals([B[B)Z @ 12
Event: 3250.145 Thread 0x000000001a2c9800 Uncommon trap: reason=bimorphic action=maybe_recompile pc=0x0000000003525250 method=java.util.concurrent.ConcurrentHashMap.putVal(Ljava/lang/Object;Ljava/lang/Object;Z)Ljava/lang/Object; @ 192
Event: 3251.701 Thread 0x000000001a2c9800 Uncommon trap: reason=unstable_if action=reinterpret pc=0x00000000048ced84 method=com.google.common.collect.ImmutableSet.construct(I[Ljava/lang/Object;)Lcom/google/common/collect/ImmutableSet; @ 203

Classes redefined (0 events):
No events

Internal exceptions (10 events):
Event: 3238.327 Thread 0x000000001a2c9800 Implicit null exception at 0x00000000036abae0 to 0x00000000036abd1d
Event: 3238.430 Thread 0x000000001a2c9800 Implicit null exception at 0x000000000494127b to 0x0000000004948d09
Event: 3238.458 Thread 0x000000001a2c9800 Implicit null exception at 0x0000000003bfa8b7 to 0x0000000003bfb2b1
Event: 3238.469 Thread 0x000000001a2c9800 Implicit null exception at 0x00000000036d9f9c to 0x00000000036e22a9
Event: 3239.532 Thread 0x000000001a2c9800 Implicit null exception at 0x0000000003cae6ff to 0x0000000003cafbb1
Event: 3239.585 Thread 0x000000001a2c9800 Implicit null exception at 0x0000000003cababf to 0x0000000003cacf69
Event: 3239.645 Thread 0x000000001a2c9800 Implicit null exception at 0x0000000003f11548 to 0x0000000003f11abd
Event: 3239.841 Thread 0x000000001a2c9800 Implicit null exception at 0x00000000046f5ab2 to 0x00000000046f61a1
Event: 3240.497 Thread 0x000000001a2c9800 Implicit null exception at 0x0000000003a7486c to 0x0000000003a756f5
Event: 3249.265 Thread 0x000000001a2c9800 Implicit null exception at 0x0000000004e8535d to 0x0000000004e85489

Events (10 events):
Event: 3251.470 Thread 0x000000001c1a4800 Thread exited: 0x000000001c1a4800
Event: 3251.701 Thread 0x000000001a2c9800 Uncommon trap: trap_request=0xffffff65 fr.pc=0x00000000048ced84
Event: 3251.701 Thread 0x000000001a2c9800 DEOPT PACKING pc=0x00000000048ced84 sp=0x000000001958ae10
Event: 3251.701 Thread 0x000000001a2c9800 DEOPT UNPACKING pc=0x0000000002da557b sp=0x000000001958adc8 mode 2
Event: 3251.708 Thread 0x000000001a2c9800 DEOPT PACKING pc=0x00000000032ab360 sp=0x0000000019589fa0
Event: 3251.708 Thread 0x000000001a2c9800 DEOPT UNPACKING pc=0x0000000002da75d0 sp=0x0000000019589cf8 mode 0
Event: 3251.813 Thread 0x000000001a2c9800 DEOPT PACKING pc=0x00000000032ab360 sp=0x0000000019588ed0
Event: 3251.813 Thread 0x000000001a2c9800 DEOPT UNPACKING pc=0x0000000002da75d0 sp=0x0000000019588c28 mode 0
Event: 3251.837 loading class org/gradle/api/internal/artifacts/ivyservice/resolutionstrategy/DefaultCachePolicy$1
Event: 3251.837 loading class org/gradle/api/internal/artifacts/ivyservice/resolutionstrategy/DefaultCachePolicy$1 done


Dynamic libraries:
0x00007ff67b5d0000 - 0x00007ff67b605000 	C:\Program Files\OpenJDK\openjdk-8u275-b01\bin\java.exe
0x00007ff864c20000 - 0x00007ff864e10000 	C:\Windows\SYSTEM32\ntdll.dll
0x00007ff8632a0000 - 0x00007ff863352000 	C:\Windows\System32\KERNEL32.DLL
0x00007ff862440000 - 0x00007ff8626e5000 	C:\Windows\System32\KERNELBASE.dll
0x00007ff863d50000 - 0x00007ff863df3000 	C:\Windows\System32\ADVAPI32.dll
0x00007ff864a60000 - 0x00007ff864afe000 	C:\Windows\System32\msvcrt.dll
0x00007ff863f10000 - 0x00007ff863fa7000 	C:\Windows\System32\sechost.dll
0x00007ff8641e0000 - 0x00007ff8642ff000 	C:\Windows\System32\RPCRT4.dll
0x00007ff863bb0000 - 0x00007ff863d44000 	C:\Windows\System32\USER32.dll
0x00007ff862890000 - 0x00007ff8628b1000 	C:\Windows\System32\win32u.dll
0x00007ff8646c0000 - 0x00007ff8646e6000 	C:\Windows\System32\GDI32.dll
0x00007ff8628c0000 - 0x00007ff862a58000 	C:\Windows\System32\gdi32full.dll
0x00007ff8623a0000 - 0x00007ff86243e000 	C:\Windows\System32\msvcp_win.dll
0x00007ff862b40000 - 0x00007ff862c3a000 	C:\Windows\System32\ucrtbase.dll
0x00007ff854750000 - 0x00007ff8549d4000 	C:\Windows\WinSxS\amd64_microsoft.windows.common-controls_6595b64144ccf1df_6.0.18362.1316_none_9e7a364fe461dbd7\COMCTL32.dll
0x00007ff864380000 - 0x00007ff8646b7000 	C:\Windows\System32\combase.dll
0x00007ff862c40000 - 0x00007ff862cc1000 	C:\Windows\System32\bcryptPrimitives.dll
0x00007ff864b00000 - 0x00007ff864b2e000 	C:\Windows\System32\IMM32.DLL
0x0000000055940000 - 0x0000000055a12000 	C:\Program Files\OpenJDK\openjdk-8u275-b01\jre\bin\msvcr100.dll
0x00000000550a0000 - 0x0000000055934000 	C:\Program Files\OpenJDK\openjdk-8u275-b01\jre\bin\server\jvm.dll
0x00007ff864980000 - 0x00007ff864988000 	C:\Windows\System32\PSAPI.DLL
0x00007ff856230000 - 0x00007ff85623a000 	C:\Windows\SYSTEM32\VERSION.dll
0x00007ff85e760000 - 0x00007ff85e784000 	C:\Windows\SYSTEM32\WINMM.dll
0x00007ff8538a0000 - 0x00007ff8538a9000 	C:\Windows\SYSTEM32\WSOCK32.dll
0x00007ff863a70000 - 0x00007ff863adf000 	C:\Windows\System32\WS2_32.dll
0x00007ff85e730000 - 0x00007ff85e75d000 	C:\Windows\SYSTEM32\WINMMBASE.dll
0x00007ff8626f0000 - 0x00007ff86273a000 	C:\Windows\System32\cfgmgr32.dll
0x00007ff85d200000 - 0x00007ff85d20f000 	C:\Program Files\OpenJDK\openjdk-8u275-b01\jre\bin\verify.dll
0x00007ff85d1d0000 - 0x00007ff85d1f9000 	C:\Program Files\OpenJDK\openjdk-8u275-b01\jre\bin\java.dll
0x00007ff85d160000 - 0x00007ff85d176000 	C:\Program Files\OpenJDK\openjdk-8u275-b01\jre\bin\zip.dll
0x00007ff863380000 - 0x00007ff863a68000 	C:\Windows\System32\SHELL32.dll
0x00007ff863e00000 - 0x00007ff863ea7000 	C:\Windows\System32\shcore.dll
0x00007ff861c20000 - 0x00007ff86239b000 	C:\Windows\System32\windows.storage.dll
0x00007ff861b70000 - 0x00007ff861b93000 	C:\Windows\System32\profapi.dll
0x00007ff861ae0000 - 0x00007ff861b2a000 	C:\Windows\System32\powrprof.dll
0x00007ff861ad0000 - 0x00007ff861ae0000 	C:\Windows\System32\UMPDC.dll
0x00007ff864840000 - 0x00007ff864892000 	C:\Windows\System32\shlwapi.dll
0x00007ff861b30000 - 0x00007ff861b41000 	C:\Windows\System32\kernel.appcore.dll
0x00007ff861ba0000 - 0x00007ff861bb7000 	C:\Windows\System32\cryptsp.dll
0x00007ff85c310000 - 0x00007ff85c32b000 	C:\Program Files\OpenJDK\openjdk-8u275-b01\jre\bin\net.dll
0x00007ff861310000 - 0x00007ff861377000 	C:\Windows\system32\mswsock.dll
0x00007ff85c270000 - 0x00007ff85c282000 	C:\Program Files\OpenJDK\openjdk-8u275-b01\jre\bin\nio.dll
0x00007ff858410000 - 0x00007ff85843a000 	C:\Users\DELL\.gradle\native\36\windows-amd64\native-platform.dll
0x00007ff858460000 - 0x00007ff85846d000 	C:\Program Files\OpenJDK\openjdk-8u275-b01\jre\bin\management.dll
0x00007ff860e90000 - 0x00007ff860ec3000 	C:\Windows\system32\rsaenh.dll
0x00007ff862b10000 - 0x00007ff862b36000 	C:\Windows\System32\bcrypt.dll
0x00007ff8619f0000 - 0x00007ff861a15000 	C:\Windows\SYSTEM32\USERENV.dll
0x00007ff8614e0000 - 0x00007ff8614ec000 	C:\Windows\SYSTEM32\CRYPTBASE.dll
0x00007ff861020000 - 0x00007ff86105a000 	C:\Windows\SYSTEM32\IPHLPAPI.DLL
0x00007ff864900000 - 0x00007ff864908000 	C:\Windows\System32\NSI.dll
0x00007ff85b1a0000 - 0x00007ff85b1b6000 	C:\Windows\SYSTEM32\dhcpcsvc6.DLL
0x00007ff85b540000 - 0x00007ff85b55c000 	C:\Windows\SYSTEM32\dhcpcsvc.DLL
0x00007ff861060000 - 0x00007ff86112b000 	C:\Windows\SYSTEM32\DNSAPI.dll
0x00007ff82ac20000 - 0x00007ff82adb9000 	C:\Program Files\OpenJDK\openjdk-8u275-b01\jre\bin\awt.dll
0x00007ff864990000 - 0x00007ff864a55000 	C:\Windows\System32\OLEAUT32.dll
0x00007ff85fc40000 - 0x00007ff85fccf000 	C:\Windows\SYSTEM32\apphelp.dll
0x00007ff85fe20000 - 0x00007ff85feb9000 	C:\Windows\system32\uxtheme.dll
0x00007ff8646f0000 - 0x00007ff864825000 	C:\Windows\System32\MSCTF.dll
0x00007ff862cd0000 - 0x00007ff862e27000 	C:\Windows\System32\ole32.dll
0x00007ff84e790000 - 0x00007ff84e7a8000 	C:\Program Files (x86)\Smadav\SmadHook64c.dll
0x00007ff861bc0000 - 0x00007ff861c1c000 	C:\Windows\System32\WINTRUST.dll
0x00007ff861b50000 - 0x00007ff861b62000 	C:\Windows\System32\MSASN1.dll
0x00007ff862740000 - 0x00007ff86288a000 	C:\Windows\System32\CRYPT32.dll
0x00007ff848490000 - 0x00007ff8484b4000 	C:\Program Files\OpenJDK\openjdk-8u275-b01\jre\bin\sunec.dll
0x0000000055070000 - 0x0000000055096000 	C:\Program Files\Bonjour\mdnsNSP.dll
0x00007ff854e40000 - 0x00007ff854e4a000 	C:\Windows\System32\rasadhlp.dll
0x00007ff85aed0000 - 0x00007ff85af47000 	C:\Windows\System32\fwpuclnt.dll
0x00007ff85b880000 - 0x00007ff85b88c000 	C:\Program Files\OpenJDK\openjdk-8u275-b01\jre\bin\sunmscapi.dll
0x00007ff8615e0000 - 0x00007ff861606000 	C:\Windows\SYSTEM32\ncrypt.dll
0x00007ff8615a0000 - 0x00007ff8615db000 	C:\Windows\SYSTEM32\NTASN1.dll

VM Arguments:
jvm_args: -XX:MaxMetaspaceSize=256m -XX:+HeapDumpOnOutOfMemoryError -Xms256m -Xmx512m -Dfile.encoding=windows-1252 -Duser.country=US -Duser.language=en -Duser.variant 
java_command: org.gradle.launcher.daemon.bootstrap.GradleDaemon 6.2
java_class_path (initial): C:\Users\DELL\.gradle\wrapper\dists\gradle-6.2-all\dvufqs6kielxeao781pmk5huj\gradle-6.2\lib\gradle-launcher-6.2.jar
Launcher Type: SUN_STANDARD

Environment Variables:
JAVA_HOME=C:\Program Files\OpenJDK\openjdk-8u275-b01
CLASSPATH=E:\saylani React\React Native Projects\Blood_App\android\\gradle\wrapper\gradle-wrapper.jar
USERNAME=DELL
OS=Windows_NT
PROCESSOR_IDENTIFIER=Intel64 Family 6 Model 69 Stepping 1, GenuineIntel



---------------  S Y S T E M  ---------------

OS: Windows 10.0 , 64 bit Build 18362 (10.0.18362.1316)

CPU:total 4 (initial active 4) (2 cores per cpu, 2 threads per core) family 6 model 69 stepping 1, cmov, cx8, fxsr, mmx, sse, sse2, sse3, ssse3, sse4.1, sse4.2, popcnt, avx, avx2, aes, clmul, erms, lzcnt, ht, tsc, tscinvbit, bmi1, bmi2

Memory: 4k page, physical 8291924k(621000k free), swap 11363924k(1908k free)

vm_info: OpenJDK 64-Bit Server VM (25.275-b01) for windows-amd64 JRE (1.8.0_275-b01), built on Nov  6 2020 13:43:37 by "build" with MS VC++ 10.0 (VS2010)

time: Tue Jan 26 19:37:41 2021
timezone: Pakistan Standard Time
elapsed time: 3252.004209 seconds (0d 0h 54m 12s)

